Using pre-set license
Built from '2020.3/release' branch; Version is '2020.3.1f1 (77a89f25062f) revision 7841951'; Using compiler version '192528614'; Build Type 'Release'
OS: 'Windows 10 Education; OS build 18363.1440; Version 1909; 64bit' Language: 'tr' Physical Memory: 8034 MB
BatchMode: 1, IsHumanControllingUs: 0, StartBugReporterOnCrash: 0, Is64bit: 1, IsPro: 0

 COMMAND LINE ARGUMENTS:
D:\Unity\2020.3.1f1\Editor\Unity.exe
-adb2
-batchMode
-noUpm
-name
AssetImportWorker0
-projectPath
D:/Unity/KorkuOyunu/KorkuOyunu
-logFile
Logs/AssetImportWorker0.log
-srvPort
50708
Successfully changed project path to: D:/Unity/KorkuOyunu/KorkuOyunu
D:/Unity/KorkuOyunu/KorkuOyunu
Using Asset Import Pipeline V2.
Refreshing native plugins compatible for Editor in 42.13 ms, found 0 plugins.
Preloading 0 native plugins for Editor in 0.00 ms.
Initialize engine version: 2020.3.1f1 (77a89f25062f)
[Subsystems] Discovering subsystems at path D:/Unity/2020.3.1f1/Editor/Data/Resources/UnitySubsystems
[Subsystems] Discovering subsystems at path D:/Unity/KorkuOyunu/KorkuOyunu/Assets
GfxDevice: creating device client; threaded=0
Direct3D:
    Version:  Direct3D 11.0 [level 11.1]
    Renderer: NVIDIA GeForce GTX 1050 Ti (ID=0x1c8c)
    Vendor:   
    VRAM:     4018 MB
    Driver:   27.21.14.6192
Initialize mono
Mono path[0] = 'D:/Unity/2020.3.1f1/Editor/Data/Managed'
Mono path[1] = 'D:/Unity/2020.3.1f1/Editor/Data/MonoBleedingEdge/lib/mono/unityjit'
Mono config path = 'D:/Unity/2020.3.1f1/Editor/Data/MonoBleedingEdge/etc'
Using monoOptions --debugger-agent=transport=dt_socket,embedding=1,server=y,suspend=n,address=127.0.0.1:56148
Begin MonoManager ReloadAssembly
Registering precompiled unity dll's ...
Register platform support module: D:/Unity/2020.3.1f1/Editor/Data/PlaybackEngines/WebGLSupport/UnityEditor.WebGL.Extensions.dll
Register platform support module: D:/Unity/2020.3.1f1/Editor/Data/PlaybackEngines/MacStandaloneSupport/UnityEditor.OSXStandalone.Extensions.dll
Register platform support module: D:/Unity/2020.3.1f1/Editor/Data/PlaybackEngines/WindowsStandaloneSupport/UnityEditor.WindowsStandalone.Extensions.dll
Registered in 0.001242 seconds.
Native extension for WindowsStandalone target not found
Native extension for OSXStandalone target not found
Native extension for WebGL target not found
Refreshing native plugins compatible for Editor in 22.92 ms, found 0 plugins.
Preloading 0 native plugins for Editor in 0.00 ms.
Invoked RoslynAnalysisRunner static constructor.
RoslynAnalysisRunner will not be running.
RoslynAnalysisRunner has terminated.
Mono: successfully reloaded assembly
- Completed reload, in  1.327 seconds
Platform modules already initialized, skipping
Registering precompiled user dll's ...
Registered in 0.000507 seconds.
Begin MonoManager ReloadAssembly
Native extension for WindowsStandalone target not found
Native extension for OSXStandalone target not found
Native extension for WebGL target not found
Refreshing native plugins compatible for Editor in 0.24 ms, found 0 plugins.
Preloading 0 native plugins for Editor in 0.00 ms.
Invoked RoslynAnalysisRunner static constructor.
RoslynAnalysisRunner will not be running.
RoslynAnalysisRunner has terminated.
Mono: successfully reloaded assembly
- Completed reload, in  0.711 seconds
Platform modules already initialized, skipping
========================================================================
Worker process is ready to serve import requests
Launched and connected shader compiler UnityShaderCompiler.exe after 0.11 seconds
Refreshing native plugins compatible for Editor in 0.34 ms, found 0 plugins.
Preloading 0 native plugins for Editor in 0.00 ms.
Unloading 1113 Unused Serialized files (Serialized files now loaded: 0)
System memory in use before: 68.8 MB.
System memory in use after: 68.9 MB.

Unloading 9 unused Assets to reduce memory usage. Loaded Objects now: 1573.
Total: 2.189700 ms (FindLiveObjects: 0.160100 ms CreateObjectMapping: 0.046200 ms MarkObjects: 1.903100 ms  DeleteObjects: 0.079000 ms)

========================================================================
Received Import Request.
  path: Assets/_TerrainAutoUpgrade/layer_Cliff_1_DiffuseCliff_1_Normaleda51f90c7f37482.terrainlayer
  artifactKey: Guid(84e4535c65290dc4bb687e04436cbdd8) Importer(815301076,1909f56bfc062723c751e8b465ee728b)
Start importing Assets/_TerrainAutoUpgrade/layer_Cliff_1_DiffuseCliff_1_Normaleda51f90c7f37482.terrainlayer using Guid(84e4535c65290dc4bb687e04436cbdd8) Importer(815301076,1909f56bfc062723c751e8b465ee728b)  -> (artifact id: '411caea01934ba84f5ee7b6613dfb761') in 0.346195 seconds
  Import took 0.384709 seconds .

========================================================================
Received Import Request.
  Time since last request: 0.000296 seconds.
  path: Assets/_TerrainAutoUpgrade/layer_Dirt_1_DiffuseDirt_1_Normal2023054508611406.terrainlayer
  artifactKey: Guid(5ed5c84836d2df547a6b84a513daa705) Importer(815301076,1909f56bfc062723c751e8b465ee728b)
Start importing Assets/_TerrainAutoUpgrade/layer_Dirt_1_DiffuseDirt_1_Normal2023054508611406.terrainlayer using Guid(5ed5c84836d2df547a6b84a513daa705) Importer(815301076,1909f56bfc062723c751e8b465ee728b)  -> (artifact id: '7630658845519e435a08ee76a20d4bf3') in 0.006788 seconds
  Import took 0.024797 seconds .

========================================================================
Received Import Request.
  Time since last request: 0.000443 seconds.
  path: Assets/_TerrainAutoUpgrade/layer_Dirt_2_DiffuseDirt_2_Normal2023054508611406.terrainlayer
  artifactKey: Guid(472f6547d92910a4291def29286b1b36) Importer(815301076,1909f56bfc062723c751e8b465ee728b)
Start importing Assets/_TerrainAutoUpgrade/layer_Dirt_2_DiffuseDirt_2_Normal2023054508611406.terrainlayer using Guid(472f6547d92910a4291def29286b1b36) Importer(815301076,1909f56bfc062723c751e8b465ee728b)  -> (artifact id: '78a876e96cfff69a0781d9afd8ff81e8') in 0.007769 seconds
  Import took 0.053754 seconds .

========================================================================
Received Import Request.
  Time since last request: 0.000313 seconds.
  path: Assets/_TerrainAutoUpgrade/layer_Mossy_Rock_DiffuseMossy_Rock_Normal2023054508611406.terrainlayer
  artifactKey: Guid(39cd72cbeaf0f1043864d4e8e820ae66) Importer(815301076,1909f56bfc062723c751e8b465ee728b)
Start importing Assets/_TerrainAutoUpgrade/layer_Mossy_Rock_DiffuseMossy_Rock_Normal2023054508611406.terrainlayer using Guid(39cd72cbeaf0f1043864d4e8e820ae66) Importer(815301076,1909f56bfc062723c751e8b465ee728b)  -> (artifact id: '507dcdabdd6221893ffc1f72a9423a0c') in 0.006966 seconds
  Import took 0.010893 seconds .

========================================================================
Received Import Request.
  Time since last request: 0.000291 seconds.
  path: Assets/_TerrainAutoUpgrade/layer_Cliff_2_DiffuseCliff_2_Normaleda51f90c7f37482.terrainlayer
  artifactKey: Guid(414367362bba8d64fa7e66bafb3dbcdb) Importer(815301076,1909f56bfc062723c751e8b465ee728b)
Start importing Assets/_TerrainAutoUpgrade/layer_Cliff_2_DiffuseCliff_2_Normaleda51f90c7f37482.terrainlayer using Guid(414367362bba8d64fa7e66bafb3dbcdb) Importer(815301076,1909f56bfc062723c751e8b465ee728b)  -> (artifact id: '8e6b48de99e68c39c52f90654c9caca3') in 0.098239 seconds
  Import took 0.101187 seconds .

========================================================================
Received Import Request.
  Time since last request: 0.000300 seconds.
  path: Assets/_TerrainAutoUpgrade/layer_Grass_1_DiffuseGrass_1_Normal2023054508611406.terrainlayer
  artifactKey: Guid(288e4f2e6b0fd144198d77dcd540b959) Importer(815301076,1909f56bfc062723c751e8b465ee728b)
Start importing Assets/_TerrainAutoUpgrade/layer_Grass_1_DiffuseGrass_1_Normal2023054508611406.terrainlayer using Guid(288e4f2e6b0fd144198d77dcd540b959) Importer(815301076,1909f56bfc062723c751e8b465ee728b)  -> (artifact id: 'ff1ba7348f70c67df228d6700ef089f0') in 0.032545 seconds
  Import took 0.035947 seconds .

========================================================================
Received Import Request.
  Time since last request: 0.000320 seconds.
  path: Assets/_TerrainAutoUpgrade/layer_Grass_2_DiffuseGrass_2_Normal2023054508611406.terrainlayer
  artifactKey: Guid(29c3fe327b6ac1645ab9dd7ff9441fef) Importer(815301076,1909f56bfc062723c751e8b465ee728b)
Start importing Assets/_TerrainAutoUpgrade/layer_Grass_2_DiffuseGrass_2_Normal2023054508611406.terrainlayer using Guid(29c3fe327b6ac1645ab9dd7ff9441fef) Importer(815301076,1909f56bfc062723c751e8b465ee728b)  -> (artifact id: 'ad5d5788709e7139795963f0d4394eb9') in 0.007482 seconds
  Import took 0.036446 seconds .

========================================================================
Received Import Request.
  Time since last request: 0.000249 seconds.
  path: Assets/_TerrainAutoUpgrade/layer_Grass_1_DiffuseGrass_1_Normal2023054508611406.terrainlayer
  artifactKey: Guid(288e4f2e6b0fd144198d77dcd540b959) Importer(815301076,1909f56bfc062723c751e8b465ee728b)
Start importing Assets/_TerrainAutoUpgrade/layer_Grass_1_DiffuseGrass_1_Normal2023054508611406.terrainlayer using Guid(288e4f2e6b0fd144198d77dcd540b959) Importer(815301076,1909f56bfc062723c751e8b465ee728b)  -> (artifact id: 'ff1ba7348f70c67df228d6700ef089f0') in 0.025875 seconds
  Import took 0.028139 seconds .

========================================================================
Received Prepare
Registering precompiled user dll's ...
Registered in 0.000409 seconds.
Begin MonoManager ReloadAssembly
Native extension for WindowsStandalone target not found
Native extension for OSXStandalone target not found
Native extension for WebGL target not found
Refreshing native plugins compatible for Editor in 0.22 ms, found 0 plugins.
Preloading 0 native plugins for Editor in 0.00 ms.
Invoked RoslynAnalysisRunner static constructor.
RoslynAnalysisRunner will not be running.
RoslynAnalysisRunner has terminated.
Mono: successfully reloaded assembly
- Completed reload, in  0.657 seconds
Platform modules already initialized, skipping
Refreshing native plugins compatible for Editor in 0.21 ms, found 0 plugins.
Preloading 0 native plugins for Editor in 0.00 ms.
Unloading 1111 Unused Serialized files (Serialized files now loaded: 0)
System memory in use before: 71.6 MB.
System memory in use after: 71.7 MB.

Unloading 4 unused Assets to reduce memory usage. Loaded Objects now: 1585.
Total: 1.528900 ms (FindLiveObjects: 0.138300 ms CreateObjectMapping: 0.027800 ms MarkObjects: 1.349300 ms  DeleteObjects: 0.012300 ms)

========================================================================
Received Import Request.
  Time since last request: 565.261517 seconds.
  path: Assets/Full Body FPS Controller/Full Body FPS Controller/Prefabs/FPS Controller Ethan.prefab
  artifactKey: Guid(276048d2ee70e2a41b03820dc34e5366) Importer(815301076,1909f56bfc062723c751e8b465ee728b)
Start importing Assets/Full Body FPS Controller/Full Body FPS Controller/Prefabs/FPS Controller Ethan.prefab using Guid(276048d2ee70e2a41b03820dc34e5366) Importer(815301076,1909f56bfc062723c751e8b465ee728b)  -> (artifact id: '5c1f64414cfd8a4386f22327c6ca2539') in 0.609920 seconds
  Import took 0.612436 seconds .

========================================================================
Received Import Request.
  Time since last request: 0.000306 seconds.
  path: Assets/Full Body FPS Controller/Full Body FPS Controller/Prefabs/FPS Controller Robo.prefab
  artifactKey: Guid(7c19aa052486f2946a27359d5b224ba8) Importer(815301076,1909f56bfc062723c751e8b465ee728b)
Start importing Assets/Full Body FPS Controller/Full Body FPS Controller/Prefabs/FPS Controller Robo.prefab using Guid(7c19aa052486f2946a27359d5b224ba8) Importer(815301076,1909f56bfc062723c751e8b465ee728b)  -> (artifact id: 'd8e8744864438b71ad1281d3671fd989') in 0.262034 seconds
  Import took 0.264110 seconds .

========================================================================
Received Prepare
Registering precompiled user dll's ...
Registered in 0.001098 seconds.
Begin MonoManager ReloadAssembly
Native extension for WindowsStandalone target not found
Native extension for OSXStandalone target not found
Native extension for WebGL target not found
Refreshing native plugins compatible for Editor in 0.29 ms, found 0 plugins.
Preloading 0 native plugins for Editor in 0.00 ms.
Invoked RoslynAnalysisRunner static constructor.
RoslynAnalysisRunner will not be running.
RoslynAnalysisRunner has terminated.
Mono: successfully reloaded assembly
- Completed reload, in  0.734 seconds
Platform modules already initialized, skipping
Refreshing native plugins compatible for Editor in 0.23 ms, found 0 plugins.
Preloading 0 native plugins for Editor in 0.00 ms.
Unloading 1111 Unused Serialized files (Serialized files now loaded: 0)
System memory in use before: 71.7 MB.
System memory in use after: 71.8 MB.

Unloading 4 unused Assets to reduce memory usage. Loaded Objects now: 1593.
Total: 1.710000 ms (FindLiveObjects: 0.173900 ms CreateObjectMapping: 0.037800 ms MarkObjects: 1.480600 ms  DeleteObjects: 0.016000 ms)

========================================================================
Received Prepare
Registering precompiled user dll's ...
Registered in 0.001582 seconds.
Begin MonoManager ReloadAssembly
Native extension for WindowsStandalone target not found
Native extension for OSXStandalone target not found
Native extension for WebGL target not found
Refreshing native plugins compatible for Editor in 0.43 ms, found 0 plugins.
Preloading 0 native plugins for Editor in 0.00 ms.
Invoked RoslynAnalysisRunner static constructor.
RoslynAnalysisRunner will not be running.
RoslynAnalysisRunner has terminated.
Mono: successfully reloaded assembly
- Completed reload, in  1.610 seconds
Platform modules already initialized, skipping
Refreshing native plugins compatible for Editor in 0.98 ms, found 0 plugins.
Preloading 0 native plugins for Editor in 0.00 ms.
Unloading 1111 Unused Serialized files (Serialized files now loaded: 0)
System memory in use before: 71.8 MB.
System memory in use after: 71.9 MB.

Unloading 4 unused Assets to reduce memory usage. Loaded Objects now: 1596.
Total: 4.935900 ms (FindLiveObjects: 0.645700 ms CreateObjectMapping: 0.218600 ms MarkObjects: 3.988400 ms  DeleteObjects: 0.062300 ms)

========================================================================
Received Prepare
Registering precompiled user dll's ...
Registered in 0.000769 seconds.
Begin MonoManager ReloadAssembly
Native extension for WindowsStandalone target not found
Native extension for OSXStandalone target not found
Native extension for WebGL target not found
Refreshing native plugins compatible for Editor in 0.26 ms, found 0 plugins.
Preloading 0 native plugins for Editor in 0.00 ms.
Invoked RoslynAnalysisRunner static constructor.
RoslynAnalysisRunner will not be running.
RoslynAnalysisRunner has terminated.
Mono: successfully reloaded assembly
- Completed reload, in  0.744 seconds
Platform modules already initialized, skipping
Refreshing native plugins compatible for Editor in 0.27 ms, found 0 plugins.
Preloading 0 native plugins for Editor in 0.00 ms.
Unloading 1111 Unused Serialized files (Serialized files now loaded: 0)
System memory in use before: 71.8 MB.
System memory in use after: 71.9 MB.

Unloading 4 unused Assets to reduce memory usage. Loaded Objects now: 1599.
Total: 1.745200 ms (FindLiveObjects: 0.161100 ms CreateObjectMapping: 0.039900 ms MarkObjects: 1.528300 ms  DeleteObjects: 0.014800 ms)

========================================================================
Received Prepare
Registering precompiled user dll's ...
Registered in 0.001932 seconds.
Begin MonoManager ReloadAssembly
Native extension for WindowsStandalone target not found
Native extension for OSXStandalone target not found
Native extension for WebGL target not found
Refreshing native plugins compatible for Editor in 0.22 ms, found 0 plugins.
Preloading 0 native plugins for Editor in 0.00 ms.
Invoked RoslynAnalysisRunner static constructor.
RoslynAnalysisRunner will not be running.
RoslynAnalysisRunner has terminated.
Mono: successfully reloaded assembly
- Completed reload, in  0.671 seconds
Platform modules already initialized, skipping
Refreshing native plugins compatible for Editor in 0.23 ms, found 0 plugins.
Preloading 0 native plugins for Editor in 0.00 ms.
Unloading 1111 Unused Serialized files (Serialized files now loaded: 0)
System memory in use before: 71.9 MB.
System memory in use after: 72.0 MB.

Unloading 4 unused Assets to reduce memory usage. Loaded Objects now: 1602.
Total: 1.626600 ms (FindLiveObjects: 0.161000 ms CreateObjectMapping: 0.046500 ms MarkObjects: 1.401200 ms  DeleteObjects: 0.016200 ms)

========================================================================
Received Prepare
Registering precompiled user dll's ...
Registered in 0.000589 seconds.
Begin MonoManager ReloadAssembly
Native extension for WindowsStandalone target not found
Native extension for OSXStandalone target not found
Native extension for WebGL target not found
Refreshing native plugins compatible for Editor in 0.24 ms, found 0 plugins.
Preloading 0 native plugins for Editor in 0.00 ms.
Invoked RoslynAnalysisRunner static constructor.
RoslynAnalysisRunner will not be running.
RoslynAnalysisRunner has terminated.
Mono: successfully reloaded assembly
- Completed reload, in  0.718 seconds
Platform modules already initialized, skipping
Refreshing native plugins compatible for Editor in 0.23 ms, found 0 plugins.
Preloading 0 native plugins for Editor in 0.00 ms.
Unloading 1111 Unused Serialized files (Serialized files now loaded: 0)
System memory in use before: 71.9 MB.
System memory in use after: 72.0 MB.

Unloading 4 unused Assets to reduce memory usage. Loaded Objects now: 1605.
Total: 1.612400 ms (FindLiveObjects: 0.146200 ms CreateObjectMapping: 0.037400 ms MarkObjects: 1.416700 ms  DeleteObjects: 0.011400 ms)

========================================================================
Received Prepare
Registering precompiled user dll's ...
Registered in 0.000540 seconds.
Begin MonoManager ReloadAssembly
Native extension for WindowsStandalone target not found
Native extension for OSXStandalone target not found
Native extension for WebGL target not found
Refreshing native plugins compatible for Editor in 0.21 ms, found 0 plugins.
Preloading 0 native plugins for Editor in 0.00 ms.
Invoked RoslynAnalysisRunner static constructor.
RoslynAnalysisRunner will not be running.
RoslynAnalysisRunner has terminated.
Mono: successfully reloaded assembly
- Completed reload, in  0.728 seconds
Platform modules already initialized, skipping
Refreshing native plugins compatible for Editor in 0.21 ms, found 0 plugins.
Preloading 0 native plugins for Editor in 0.00 ms.
Unloading 1111 Unused Serialized files (Serialized files now loaded: 0)
System memory in use before: 71.9 MB.
System memory in use after: 72.0 MB.

Unloading 4 unused Assets to reduce memory usage. Loaded Objects now: 1608.
Total: 4.820300 ms (FindLiveObjects: 0.145400 ms CreateObjectMapping: 0.044900 ms MarkObjects: 4.605300 ms  DeleteObjects: 0.022400 ms)

========================================================================
Received Prepare
Registering precompiled user dll's ...
Registered in 0.002468 seconds.
Begin MonoManager ReloadAssembly
Native extension for WindowsStandalone target not found
Native extension for OSXStandalone target not found
Native extension for WebGL target not found
Refreshing native plugins compatible for Editor in 0.39 ms, found 0 plugins.
Preloading 0 native plugins for Editor in 0.00 ms.
Invoked RoslynAnalysisRunner static constructor.
RoslynAnalysisRunner will not be running.
RoslynAnalysisRunner has terminated.
Mono: successfully reloaded assembly
- Completed reload, in  1.582 seconds
Platform modules already initialized, skipping
Refreshing native plugins compatible for Editor in 0.94 ms, found 0 plugins.
Preloading 0 native plugins for Editor in 0.00 ms.
Unloading 1111 Unused Serialized files (Serialized files now loaded: 0)
System memory in use before: 71.9 MB.
System memory in use after: 72.0 MB.

Unloading 4 unused Assets to reduce memory usage. Loaded Objects now: 1611.
Total: 9.024600 ms (FindLiveObjects: 0.707600 ms CreateObjectMapping: 0.445900 ms MarkObjects: 7.818100 ms  DeleteObjects: 0.046700 ms)

========================================================================
Received Prepare
Registering precompiled user dll's ...
Registered in 0.000760 seconds.
Begin MonoManager ReloadAssembly
Native extension for WindowsStandalone target not found
Native extension for OSXStandalone target not found
Native extension for WebGL target not found
Refreshing native plugins compatible for Editor in 0.53 ms, found 0 plugins.
Preloading 0 native plugins for Editor in 0.00 ms.
Invoked RoslynAnalysisRunner static constructor.
RoslynAnalysisRunner will not be running.
RoslynAnalysisRunner has terminated.
Mono: successfully reloaded assembly
- Completed reload, in  1.555 seconds
Platform modules already initialized, skipping
Refreshing native plugins compatible for Editor in 0.84 ms, found 0 plugins.
Preloading 0 native plugins for Editor in 0.00 ms.
Unloading 1111 Unused Serialized files (Serialized files now loaded: 0)
System memory in use before: 71.9 MB.
System memory in use after: 72.0 MB.

Unloading 4 unused Assets to reduce memory usage. Loaded Objects now: 1614.
Total: 2.729400 ms (FindLiveObjects: 0.287100 ms CreateObjectMapping: 0.130000 ms MarkObjects: 2.254300 ms  DeleteObjects: 0.055500 ms)

========================================================================
Received Prepare
Registering precompiled user dll's ...
Registered in 0.000756 seconds.
Begin MonoManager ReloadAssembly
Native extension for WindowsStandalone target not found
Native extension for OSXStandalone target not found
Native extension for WebGL target not found
Refreshing native plugins compatible for Editor in 0.21 ms, found 0 plugins.
Preloading 0 native plugins for Editor in 0.00 ms.
Invoked RoslynAnalysisRunner static constructor.
RoslynAnalysisRunner will not be running.
RoslynAnalysisRunner has terminated.
Mono: successfully reloaded assembly
- Completed reload, in  0.891 seconds
Platform modules already initialized, skipping
Refreshing native plugins compatible for Editor in 0.20 ms, found 0 plugins.
Preloading 0 native plugins for Editor in 0.00 ms.
Unloading 1111 Unused Serialized files (Serialized files now loaded: 0)
System memory in use before: 71.9 MB.
System memory in use after: 72.0 MB.

Unloading 4 unused Assets to reduce memory usage. Loaded Objects now: 1617.
Total: 1.563700 ms (FindLiveObjects: 0.132900 ms CreateObjectMapping: 0.035800 ms MarkObjects: 1.383600 ms  DeleteObjects: 0.010500 ms)

========================================================================
Received Import Request.
  Time since last request: 2602.145649 seconds.
  path: Assets/Full Body FPS Controller/Full Body FPS Controller/Prefabs
  artifactKey: Guid(283fc959399a5a94087a840ccb486eb2) Importer(815301076,1909f56bfc062723c751e8b465ee728b)
Start importing Assets/Full Body FPS Controller/Full Body FPS Controller/Prefabs using Guid(283fc959399a5a94087a840ccb486eb2) Importer(815301076,1909f56bfc062723c751e8b465ee728b)  -> (artifact id: 'cc812609c481d3f654fb4fc25a1b0dbf') in 0.008017 seconds
  Import took 0.010321 seconds .

========================================================================
Received Prepare
Registering precompiled user dll's ...
Registered in 0.000531 seconds.
Begin MonoManager ReloadAssembly
Native extension for WindowsStandalone target not found
Native extension for OSXStandalone target not found
Native extension for WebGL target not found
Refreshing native plugins compatible for Editor in 1.06 ms, found 0 plugins.
Preloading 0 native plugins for Editor in 0.00 ms.
Invoked RoslynAnalysisRunner static constructor.
RoslynAnalysisRunner will not be running.
RoslynAnalysisRunner has terminated.
Mono: successfully reloaded assembly
- Completed reload, in  1.023 seconds
Platform modules already initialized, skipping
Refreshing native plugins compatible for Editor in 0.29 ms, found 0 plugins.
Preloading 0 native plugins for Editor in 0.00 ms.
Unloading 1111 Unused Serialized files (Serialized files now loaded: 0)
System memory in use before: 71.9 MB.
System memory in use after: 72.0 MB.

Unloading 4 unused Assets to reduce memory usage. Loaded Objects now: 1620.
Total: 5.348500 ms (FindLiveObjects: 0.604100 ms CreateObjectMapping: 0.236900 ms MarkObjects: 4.482900 ms  DeleteObjects: 0.020500 ms)

========================================================================
Received Import Request.
  Time since last request: 357.119707 seconds.
  path: Assets/Full Body FPS Controller/Full Body FPS Controller/Standard Assets/Unity - Interactive Tut/Materials/SwitchSquare.mat
  artifactKey: Guid(c6f60e7c2d65ae040be681468262d564) Importer(815301076,1909f56bfc062723c751e8b465ee728b)
Start importing Assets/Full Body FPS Controller/Full Body FPS Controller/Standard Assets/Unity - Interactive Tut/Materials/SwitchSquare.mat using Guid(c6f60e7c2d65ae040be681468262d564) Importer(815301076,1909f56bfc062723c751e8b465ee728b)  -> (artifact id: '6c9acae2b2c6c240bb3274dbd3f7b040') in 0.532640 seconds
  Import took 0.535393 seconds .

========================================================================
Received Import Request.
  Time since last request: 0.000201 seconds.
  path: Assets/Church 3D/Materials/wall_3.mat
  artifactKey: Guid(3a37d08846db02547933fcead1f3cf50) Importer(815301076,1909f56bfc062723c751e8b465ee728b)
Start importing Assets/Church 3D/Materials/wall_3.mat using Guid(3a37d08846db02547933fcead1f3cf50) Importer(815301076,1909f56bfc062723c751e8b465ee728b)  -> (artifact id: '8589c48e8466de8c9a5896be5ec90d21') in 0.167384 seconds
  Import took 0.169833 seconds .

========================================================================
Received Import Request.
  Time since last request: 0.000201 seconds.
  path: Assets/Full Body FPS Controller/Full Body FPS Controller/Standard Assets/Unity - Stealth Tut/Models/Materials/tile_tube_ribbed_mat.mat
  artifactKey: Guid(ed4cb0f21b5844a4db21e0b89722ca69) Importer(815301076,1909f56bfc062723c751e8b465ee728b)
Start importing Assets/Full Body FPS Controller/Full Body FPS Controller/Standard Assets/Unity - Stealth Tut/Models/Materials/tile_tube_ribbed_mat.mat using Guid(ed4cb0f21b5844a4db21e0b89722ca69) Importer(815301076,1909f56bfc062723c751e8b465ee728b)  -> (artifact id: '40d1bf705dede7f327bcb337a635441e') in 0.055921 seconds
  Import took 0.060002 seconds .

========================================================================
Received Import Request.
  Time since last request: 0.000219 seconds.
  path: Assets/UrbanNightSky/Demo/Materials/UrbanNightSkyMaterial.mat
  artifactKey: Guid(3876d0e183013044aab5adba683217d7) Importer(815301076,1909f56bfc062723c751e8b465ee728b)
Start importing Assets/UrbanNightSky/Demo/Materials/UrbanNightSkyMaterial.mat using Guid(3876d0e183013044aab5adba683217d7) Importer(815301076,1909f56bfc062723c751e8b465ee728b)  -> (artifact id: '868954245859918d734b112d1fb53be6') in 0.095943 seconds
  Import took 0.100106 seconds .

========================================================================
Received Import Request.
  Time since last request: 0.000855 seconds.
  path: Assets/Church 3D/Materials/window.mat
  artifactKey: Guid(fe87c8635e6f115499fd664cd4b202a9) Importer(815301076,1909f56bfc062723c751e8b465ee728b)
Start importing Assets/Church 3D/Materials/window.mat using Guid(fe87c8635e6f115499fd664cd4b202a9) Importer(815301076,1909f56bfc062723c751e8b465ee728b)  -> (artifact id: 'ed233a17e5af56c25302e950e0967a77') in 0.034286 seconds
  Import took 0.038680 seconds .

========================================================================
Received Import Request.
  Time since last request: 0.000215 seconds.
  path: Assets/Church 3D/Materials/wood.mat
  artifactKey: Guid(70a305a82212bf14ba06837f7982dade) Importer(815301076,1909f56bfc062723c751e8b465ee728b)
Start importing Assets/Church 3D/Materials/wood.mat using Guid(70a305a82212bf14ba06837f7982dade) Importer(815301076,1909f56bfc062723c751e8b465ee728b)  -> (artifact id: '7e05d2e7db276186df42acd32c618393') in 0.056555 seconds
  Import took 0.073660 seconds .

========================================================================
Received Import Request.
  Time since last request: 0.000191 seconds.
  path: Assets/Church 3D/Materials/wood_2.mat
  artifactKey: Guid(91da795317128c3479f15b4b415c3741) Importer(815301076,1909f56bfc062723c751e8b465ee728b)
Start importing Assets/Church 3D/Materials/wood_2.mat using Guid(91da795317128c3479f15b4b415c3741) Importer(815301076,1909f56bfc062723c751e8b465ee728b)  -> (artifact id: '210c13f3d3a914ff89621dab3dae6f6e') in 0.031699 seconds
  Import took 0.036512 seconds .

========================================================================
Received Import Request.
  Time since last request: 0.000837 seconds.
  path: Assets/Full Body FPS Controller/Full Body FPS Controller/Standard Assets/Unity - Interactive Tut/Materials/SwitchSquare.mat
  artifactKey: Guid(c6f60e7c2d65ae040be681468262d564) Importer(815301076,1909f56bfc062723c751e8b465ee728b)
Start importing Assets/Full Body FPS Controller/Full Body FPS Controller/Standard Assets/Unity - Interactive Tut/Materials/SwitchSquare.mat using Guid(c6f60e7c2d65ae040be681468262d564) Importer(815301076,1909f56bfc062723c751e8b465ee728b)  -> (artifact id: '6c9acae2b2c6c240bb3274dbd3f7b040') in 0.011289 seconds
  Import took 0.016921 seconds .

========================================================================
Received Import Request.
  Time since last request: 0.000326 seconds.
  path: Assets/Church 3D/Materials/wall_8.mat
  artifactKey: Guid(3801368e80b320d4e804929d9bd157c3) Importer(815301076,1909f56bfc062723c751e8b465ee728b)
Start importing Assets/Church 3D/Materials/wall_8.mat using Guid(3801368e80b320d4e804929d9bd157c3) Importer(815301076,1909f56bfc062723c751e8b465ee728b)  -> (artifact id: 'ec31449605a3225f932d5f1e24820270') in 0.039077 seconds
  Import took 0.056289 seconds .

========================================================================
Received Import Request.
  Time since last request: 0.000236 seconds.
  path: Assets/Full Body FPS Controller/Full Body FPS Controller/Standard Assets/Unity - Interactive Tut/Materials/SwitchTriangle.mat
  artifactKey: Guid(5890e33898e3494429f097e77062459b) Importer(815301076,1909f56bfc062723c751e8b465ee728b)
Start importing Assets/Full Body FPS Controller/Full Body FPS Controller/Standard Assets/Unity - Interactive Tut/Materials/SwitchTriangle.mat using Guid(5890e33898e3494429f097e77062459b) Importer(815301076,1909f56bfc062723c751e8b465ee728b)  -> (artifact id: '0a12220e6380efa0d3b44c02264b17ea') in 0.033245 seconds
  Import took 0.036444 seconds .

========================================================================
Received Import Request.
  Time since last request: 3.159127 seconds.
  path: Assets/Full Body FPS Controller/Full Body FPS Controller/Standard Assets/Unity - Interactive Tut/Materials/SwitchCircle.mat
  artifactKey: Guid(815ab9755778c7d4685c4cf4fde3f6ef) Importer(815301076,1909f56bfc062723c751e8b465ee728b)
Start importing Assets/Full Body FPS Controller/Full Body FPS Controller/Standard Assets/Unity - Interactive Tut/Materials/SwitchCircle.mat using Guid(815ab9755778c7d4685c4cf4fde3f6ef) Importer(815301076,1909f56bfc062723c751e8b465ee728b)  -> (artifact id: 'ffd367bb8b1f162b088f83a622285dcb') in 0.017760 seconds
  Import took 0.020449 seconds .

========================================================================
Received Import Request.
  Time since last request: 0.000348 seconds.
  path: Assets/Full Body FPS Controller/Full Body FPS Controller/Standard Assets/Unity - Interactive Tut/Materials/SwitchGoal.mat
  artifactKey: Guid(61b6cdb2952761842b04707b9d33f35c) Importer(815301076,1909f56bfc062723c751e8b465ee728b)
Start importing Assets/Full Body FPS Controller/Full Body FPS Controller/Standard Assets/Unity - Interactive Tut/Materials/SwitchGoal.mat using Guid(61b6cdb2952761842b04707b9d33f35c) Importer(815301076,1909f56bfc062723c751e8b465ee728b)  -> (artifact id: '8e753cf7eecab9356047229f93252369') in 0.020638 seconds
  Import took 0.023823 seconds .

========================================================================
Received Import Request.
  Time since last request: 0.000654 seconds.
  path: Assets/Full Body FPS Controller/Full Body FPS Controller/Standard Assets/Unity - Interactive Tut/Materials/Skybox.mat
  artifactKey: Guid(e7722148cf211824589cd6d8d95354b4) Importer(815301076,1909f56bfc062723c751e8b465ee728b)
Start importing Assets/Full Body FPS Controller/Full Body FPS Controller/Standard Assets/Unity - Interactive Tut/Materials/Skybox.mat using Guid(e7722148cf211824589cd6d8d95354b4) Importer(815301076,1909f56bfc062723c751e8b465ee728b)  -> (artifact id: 'c60778ea8b970fd0c279a895312d2692') in 0.185283 seconds
  Import took 0.187661 seconds .

========================================================================
Received Import Request.
  Time since last request: 0.000304 seconds.
  path: Assets/Full Body FPS Controller/Full Body FPS Controller/Standard Assets/Unity - Interactive Tut/Materials/ParticleSpheres.mat
  artifactKey: Guid(e5953ca8bda3497419c9efd2213d42c1) Importer(815301076,1909f56bfc062723c751e8b465ee728b)
Start importing Assets/Full Body FPS Controller/Full Body FPS Controller/Standard Assets/Unity - Interactive Tut/Materials/ParticleSpheres.mat using Guid(e5953ca8bda3497419c9efd2213d42c1) Importer(815301076,1909f56bfc062723c751e8b465ee728b)  -> (artifact id: '76f7fadc74385998bfa4d1c7330ae7e6') in 0.104228 seconds
  Import took 0.106211 seconds .

========================================================================
Received Import Request.
  Time since last request: 0.000181 seconds.
  path: Assets/Full Body FPS Controller/Full Body FPS Controller/Standard Assets/Unity - Interactive Tut/Materials/MazeFloor.mat
  artifactKey: Guid(87d7260b9c9de304ba395949900b1a11) Importer(815301076,1909f56bfc062723c751e8b465ee728b)
Start importing Assets/Full Body FPS Controller/Full Body FPS Controller/Standard Assets/Unity - Interactive Tut/Materials/MazeFloor.mat using Guid(87d7260b9c9de304ba395949900b1a11) Importer(815301076,1909f56bfc062723c751e8b465ee728b)  -> (artifact id: 'ee851db7355003cd16e7ed8de125def8') in 0.019654 seconds
  Import took 0.025596 seconds .

========================================================================
Received Import Request.
  Time since last request: 0.000691 seconds.
  path: Assets/Full Body FPS Controller/Full Body FPS Controller/Standard Assets/Unity - Interactive Tut/Materials/ParticleStreaks 1.mat
  artifactKey: Guid(6d23f2145fd419247b2cbe9c6d67d1e0) Importer(815301076,1909f56bfc062723c751e8b465ee728b)
Start importing Assets/Full Body FPS Controller/Full Body FPS Controller/Standard Assets/Unity - Interactive Tut/Materials/ParticleStreaks 1.mat using Guid(6d23f2145fd419247b2cbe9c6d67d1e0) Importer(815301076,1909f56bfc062723c751e8b465ee728b)  -> (artifact id: '7e3a87c256cb9c903b25b22cd5994943') in 0.018828 seconds
  Import took 0.021448 seconds .

========================================================================
Received Import Request.
  Time since last request: 0.000283 seconds.
  path: Assets/Church 3D/Materials/cross_2.mat
  artifactKey: Guid(d519da6da91f8784cb42c500f2fe0433) Importer(815301076,1909f56bfc062723c751e8b465ee728b)
Start importing Assets/Church 3D/Materials/cross_2.mat using Guid(d519da6da91f8784cb42c500f2fe0433) Importer(815301076,1909f56bfc062723c751e8b465ee728b)  -> (artifact id: '8dcafd97bd5566b08feaf22bf12069d4') in 0.016332 seconds
  Import took 0.046105 seconds .

========================================================================
Received Import Request.
  Time since last request: 0.000407 seconds.
  path: Assets/Full Body FPS Controller/Full Body FPS Controller/Standard Assets/Unity - Stealth Tut/Materials/char_robotGuard_suit_mat.mat
  artifactKey: Guid(baff1f4726b6b85418ebb43554ca1c98) Importer(815301076,1909f56bfc062723c751e8b465ee728b)
Start importing Assets/Full Body FPS Controller/Full Body FPS Controller/Standard Assets/Unity - Stealth Tut/Materials/char_robotGuard_suit_mat.mat using Guid(baff1f4726b6b85418ebb43554ca1c98) Importer(815301076,1909f56bfc062723c751e8b465ee728b)  -> (artifact id: '1aa03a943c91d8797952d057b57649d5') in 0.029176 seconds
  Import took 0.033161 seconds .

========================================================================
Received Import Request.
  Time since last request: 0.000222 seconds.
  path: Assets/Full Body FPS Controller/Full Body FPS Controller/Standard Assets/Unity - Stealth Tut/Materials/char_robotGuard_helmet_mat.mat
  artifactKey: Guid(f2bc750015b6f2b4f935c872513d34c3) Importer(815301076,1909f56bfc062723c751e8b465ee728b)
Start importing Assets/Full Body FPS Controller/Full Body FPS Controller/Standard Assets/Unity - Stealth Tut/Materials/char_robotGuard_helmet_mat.mat using Guid(f2bc750015b6f2b4f935c872513d34c3) Importer(815301076,1909f56bfc062723c751e8b465ee728b)  -> (artifact id: '9b35076c511e26e018e6cc296db24bdb') in 0.020813 seconds
  Import took 0.023415 seconds .

========================================================================
Received Import Request.
  Time since last request: 0.000244 seconds.
  path: Assets/Full Body FPS Controller/Full Body FPS Controller/Standard Assets/Unity - Interactive Tut/Materials/MazeEnemy.mat
  artifactKey: Guid(4072016635130cd4582dba5cab591d6b) Importer(815301076,1909f56bfc062723c751e8b465ee728b)
Start importing Assets/Full Body FPS Controller/Full Body FPS Controller/Standard Assets/Unity - Interactive Tut/Materials/MazeEnemy.mat using Guid(4072016635130cd4582dba5cab591d6b) Importer(815301076,1909f56bfc062723c751e8b465ee728b)  -> (artifact id: 'c2be89235189ff0ce9839d10dbc10f8c') in 0.292637 seconds
  Import took 0.295234 seconds .

========================================================================
Received Import Request.
  Time since last request: 0.000287 seconds.
  path: Assets/Full Body FPS Controller/Full Body FPS Controller/Standard Assets/Unity - Stealth Tut/Materials/prop_keycard_plastic_mat.mat
  artifactKey: Guid(0ab120f92eecd32488408982c7a8dcd5) Importer(815301076,1909f56bfc062723c751e8b465ee728b)
Start importing Assets/Full Body FPS Controller/Full Body FPS Controller/Standard Assets/Unity - Stealth Tut/Materials/prop_keycard_plastic_mat.mat using Guid(0ab120f92eecd32488408982c7a8dcd5) Importer(815301076,1909f56bfc062723c751e8b465ee728b)  -> (artifact id: '4abf6455ffed4ebe726e579ee942b59c') in 0.021605 seconds
  Import took 0.023643 seconds .

========================================================================
Received Import Request.
  Time since last request: 0.000242 seconds.
  path: Assets/Full Body FPS Controller/Full Body FPS Controller/Standard Assets/Unity - Stealth Tut/Materials/prop_barrel_trim_L01_mat.mat
  artifactKey: Guid(0e5d844237ac0f24b8993eec3a848007) Importer(815301076,1909f56bfc062723c751e8b465ee728b)
Start importing Assets/Full Body FPS Controller/Full Body FPS Controller/Standard Assets/Unity - Stealth Tut/Materials/prop_barrel_trim_L01_mat.mat using Guid(0e5d844237ac0f24b8993eec3a848007) Importer(815301076,1909f56bfc062723c751e8b465ee728b)  -> (artifact id: 'b93810494c41105b2ff53121c5c4aae1') in 0.180634 seconds
  Import took 0.183740 seconds .

========================================================================
Received Import Request.
  Time since last request: 0.000251 seconds.
  path: Assets/Full Body FPS Controller/Full Body FPS Controller/Standard Assets/Unity - Interactive Tut/Materials/MazeRampFloor.mat
  artifactKey: Guid(8d3d1aaa0e2b00c47b20b19479f390fc) Importer(815301076,1909f56bfc062723c751e8b465ee728b)
Start importing Assets/Full Body FPS Controller/Full Body FPS Controller/Standard Assets/Unity - Interactive Tut/Materials/MazeRampFloor.mat using Guid(8d3d1aaa0e2b00c47b20b19479f390fc) Importer(815301076,1909f56bfc062723c751e8b465ee728b)  -> (artifact id: 'f507fa5e8b6d0835996bad28591638ce') in 0.022208 seconds
  Import took 0.053385 seconds .

========================================================================
Received Import Request.
  Time since last request: 0.000256 seconds.
  path: Assets/Full Body FPS Controller/Full Body FPS Controller/Standard Assets/Unity - Stealth Tut/Materials/char_cyberKid_suit_mat.mat
  artifactKey: Guid(df28c0bfcc5d6e54a8dd0af16009a50e) Importer(815301076,1909f56bfc062723c751e8b465ee728b)
Start importing Assets/Full Body FPS Controller/Full Body FPS Controller/Standard Assets/Unity - Stealth Tut/Materials/char_cyberKid_suit_mat.mat using Guid(df28c0bfcc5d6e54a8dd0af16009a50e) Importer(815301076,1909f56bfc062723c751e8b465ee728b)  -> (artifact id: '47fceeb06b7ad5d2e32ed6a2f7326337') in 0.028658 seconds
  Import took 0.031690 seconds .

========================================================================
Received Import Request.
  Time since last request: 0.000246 seconds.
  path: Assets/Church 3D/Materials/door_1.mat
  artifactKey: Guid(316ced7cb01626f49a00d9cc4d2dd26a) Importer(815301076,1909f56bfc062723c751e8b465ee728b)
Start importing Assets/Church 3D/Materials/door_1.mat using Guid(316ced7cb01626f49a00d9cc4d2dd26a) Importer(815301076,1909f56bfc062723c751e8b465ee728b)  -> (artifact id: 'a1036d523c7254617e3a9d594a245669') in 0.035231 seconds
  Import took 0.039567 seconds .

========================================================================
Received Import Request.
  Time since last request: 0.000723 seconds.
  path: Assets/Full Body FPS Controller/Full Body FPS Controller/Standard Assets/Unity - Interactive Tut/Materials/MazeMetal.mat
  artifactKey: Guid(c7ba1f44961f316469701cf3fdfc5388) Importer(815301076,1909f56bfc062723c751e8b465ee728b)
Start importing Assets/Full Body FPS Controller/Full Body FPS Controller/Standard Assets/Unity - Interactive Tut/Materials/MazeMetal.mat using Guid(c7ba1f44961f316469701cf3fdfc5388) Importer(815301076,1909f56bfc062723c751e8b465ee728b)  -> (artifact id: 'e7f23bb564553f676c1fadd5cf0127bd') in 0.025462 seconds
  Import took 0.028492 seconds .

========================================================================
Received Import Request.
  Time since last request: 0.000218 seconds.
  path: Assets/Full Body FPS Controller/Full Body FPS Controller/Prototypes/PrototypeMat.mat
  artifactKey: Guid(89007fa9b646df1489af90cbf228a874) Importer(815301076,1909f56bfc062723c751e8b465ee728b)
Start importing Assets/Full Body FPS Controller/Full Body FPS Controller/Prototypes/PrototypeMat.mat using Guid(89007fa9b646df1489af90cbf228a874) Importer(815301076,1909f56bfc062723c751e8b465ee728b)  -> (artifact id: 'c89db5edcbfd7e8bbc7f68df45276adf') in 0.027644 seconds
  Import took 0.030327 seconds .

========================================================================
Received Import Request.
  Time since last request: 0.000539 seconds.
  path: Assets/Full Body FPS Controller/Full Body FPS Controller/Standard Assets/Unity - Stealth Tut/Materials/char_cyberKid_skin_mat.mat
  artifactKey: Guid(2f332f152b68838489cad04ed1f8b7be) Importer(815301076,1909f56bfc062723c751e8b465ee728b)
Start importing Assets/Full Body FPS Controller/Full Body FPS Controller/Standard Assets/Unity - Stealth Tut/Materials/char_cyberKid_skin_mat.mat using Guid(2f332f152b68838489cad04ed1f8b7be) Importer(815301076,1909f56bfc062723c751e8b465ee728b)  -> (artifact id: '0bb294d4d6e2203803531c4dc0b8ca7c') in 0.029147 seconds
  Import took 0.032200 seconds .

========================================================================
Received Import Request.
  Time since last request: 0.000299 seconds.
  path: Assets/Full Body FPS Controller/Full Body FPS Controller/Standard Assets/Unity - Stealth Tut/Materials/prop_sciFi_Gun_mat.mat
  artifactKey: Guid(aafc9d15a2014f0468cc9dac2f840114) Importer(815301076,1909f56bfc062723c751e8b465ee728b)
Start importing Assets/Full Body FPS Controller/Full Body FPS Controller/Standard Assets/Unity - Stealth Tut/Materials/prop_sciFi_Gun_mat.mat using Guid(aafc9d15a2014f0468cc9dac2f840114) Importer(815301076,1909f56bfc062723c751e8b465ee728b)  -> (artifact id: 'd5e230a6e284569a255c1c4b86d3955e') in 0.193177 seconds
  Import took 0.195273 seconds .

========================================================================
Received Import Request.
  Time since last request: 0.000320 seconds.
  path: Assets/Full Body FPS Controller/Full Body FPS Controller/Standard Assets/Unity - Interactive Tut/Materials/MazeDeadBody.mat
  artifactKey: Guid(1bd206dd677078d4abe31b08d7d471dd) Importer(815301076,1909f56bfc062723c751e8b465ee728b)
Start importing Assets/Full Body FPS Controller/Full Body FPS Controller/Standard Assets/Unity - Interactive Tut/Materials/MazeDeadBody.mat using Guid(1bd206dd677078d4abe31b08d7d471dd) Importer(815301076,1909f56bfc062723c751e8b465ee728b)  -> (artifact id: '53802726a5c417dc1ec3a6e502dfbe50') in 0.129034 seconds
  Import took 0.130777 seconds .

========================================================================
Received Import Request.
  Time since last request: 0.000265 seconds.
  path: Assets/Full Body FPS Controller/Full Body FPS Controller/Standard Assets/Unity - Stealth Tut/Materials/char_cyberKid_plastic_mat.mat
  artifactKey: Guid(95a17367db09fb94aab08cf386c85bd0) Importer(815301076,1909f56bfc062723c751e8b465ee728b)
Start importing Assets/Full Body FPS Controller/Full Body FPS Controller/Standard Assets/Unity - Stealth Tut/Materials/char_cyberKid_plastic_mat.mat using Guid(95a17367db09fb94aab08cf386c85bd0) Importer(815301076,1909f56bfc062723c751e8b465ee728b)  -> (artifact id: 'c9d0fe4c7a2ab96e51264fb9fc9a679d') in 0.027014 seconds
  Import took 0.029176 seconds .

========================================================================
Received Import Request.
  Time since last request: 0.000562 seconds.
  path: Assets/Full Body FPS Controller/Full Body FPS Controller/Standard Assets/Unity - Stealth Tut/Materials/prop_cctvCam_mat.mat
  artifactKey: Guid(4ec72861dfce47048ba385b46f8e6b98) Importer(815301076,1909f56bfc062723c751e8b465ee728b)
Start importing Assets/Full Body FPS Controller/Full Body FPS Controller/Standard Assets/Unity - Stealth Tut/Materials/prop_cctvCam_mat.mat using Guid(4ec72861dfce47048ba385b46f8e6b98) Importer(815301076,1909f56bfc062723c751e8b465ee728b)  -> (artifact id: 'f74df56fcfeaff786596cdd1c2eba443') in 0.018309 seconds
  Import took 0.021532 seconds .

========================================================================
Received Import Request.
  Time since last request: 0.001679 seconds.
  path: Assets/Full Body FPS Controller/Full Body FPS Controller/Standard Assets/Unity - Stealth Tut/Materials/char_robotGuard_visor_mat.mat
  artifactKey: Guid(12514ea272b0c5048a5966081150f192) Importer(815301076,1909f56bfc062723c751e8b465ee728b)
Start importing Assets/Full Body FPS Controller/Full Body FPS Controller/Standard Assets/Unity - Stealth Tut/Materials/char_robotGuard_visor_mat.mat using Guid(12514ea272b0c5048a5966081150f192) Importer(815301076,1909f56bfc062723c751e8b465ee728b)  -> (artifact id: 'a0f2985547317a1fa0708f287e5b3d73') in 0.015307 seconds
  Import took 0.018020 seconds .

========================================================================
Received Import Request.
  Time since last request: 0.000278 seconds.
  path: Assets/Full Body FPS Controller/Full Body FPS Controller/Font/Asap-Medium.otf
  artifactKey: Guid(f79c0638c9ad24986acd8d34c0e20256) Importer(815301076,1909f56bfc062723c751e8b465ee728b)
Start importing Assets/Full Body FPS Controller/Full Body FPS Controller/Font/Asap-Medium.otf using Guid(f79c0638c9ad24986acd8d34c0e20256) Importer(815301076,1909f56bfc062723c751e8b465ee728b)  -> (artifact id: '6800b86110d10806c0d6cc89373a5d21') in 0.119399 seconds
  Import took 0.130239 seconds .

========================================================================
Received Import Request.
  Time since last request: 0.000277 seconds.
  path: Assets/Full Body FPS Controller/Full Body FPS Controller/Standard Assets/Unity - Interactive Tut/Materials/MazeLowMan.mat
  artifactKey: Guid(b2e9cf99df2f91544a4c0d62fb55273c) Importer(815301076,1909f56bfc062723c751e8b465ee728b)
Start importing Assets/Full Body FPS Controller/Full Body FPS Controller/Standard Assets/Unity - Interactive Tut/Materials/MazeLowMan.mat using Guid(b2e9cf99df2f91544a4c0d62fb55273c) Importer(815301076,1909f56bfc062723c751e8b465ee728b)  -> (artifact id: 'f5e5897ab62f9074a1c32a849a651bc0') in 0.013521 seconds
  Import took 0.016539 seconds .

========================================================================
Received Import Request.
  Time since last request: 0.000259 seconds.
  path: Assets/Full Body FPS Controller/Full Body FPS Controller/Standard Assets/Unity - Stealth Tut/Materials/char_cyberKid_hair_mat.mat
  artifactKey: Guid(4a7ebdc5ae5252941af338745ff89de5) Importer(815301076,1909f56bfc062723c751e8b465ee728b)
Start importing Assets/Full Body FPS Controller/Full Body FPS Controller/Standard Assets/Unity - Stealth Tut/Materials/char_cyberKid_hair_mat.mat using Guid(4a7ebdc5ae5252941af338745ff89de5) Importer(815301076,1909f56bfc062723c751e8b465ee728b)  -> (artifact id: '75bb0f7b55e79f051b6151baa1c742ea') in 0.014495 seconds
  Import took 0.016567 seconds .

========================================================================
Received Import Request.
  Time since last request: 0.000278 seconds.
  path: Assets/Full Body FPS Controller/Full Body FPS Controller/Standard Assets/Unity - Stealth Tut/Materials/prop_cctvCam_array_mat.mat
  artifactKey: Guid(65b2a3b42422275448840b089680dc5e) Importer(815301076,1909f56bfc062723c751e8b465ee728b)
Start importing Assets/Full Body FPS Controller/Full Body FPS Controller/Standard Assets/Unity - Stealth Tut/Materials/prop_cctvCam_array_mat.mat using Guid(65b2a3b42422275448840b089680dc5e) Importer(815301076,1909f56bfc062723c751e8b465ee728b)  -> (artifact id: 'dd19a1f0337c8f2aa6b4f3eac2aaa6ca') in 0.017078 seconds
  Import took 0.052798 seconds .

========================================================================
Received Import Request.
  Time since last request: 0.000249 seconds.
  path: Assets/Full Body FPS Controller/Full Body FPS Controller/Standard Assets/Unity - Interactive Tut/Materials/MazeBrick.mat
  artifactKey: Guid(41ea71e2b2dd5cb4788b21be02465327) Importer(815301076,1909f56bfc062723c751e8b465ee728b)
Start importing Assets/Full Body FPS Controller/Full Body FPS Controller/Standard Assets/Unity - Interactive Tut/Materials/MazeBrick.mat using Guid(41ea71e2b2dd5cb4788b21be02465327) Importer(815301076,1909f56bfc062723c751e8b465ee728b)  -> (artifact id: 'a519961ba263b9e7071226f3009814e5') in 0.015215 seconds
  Import took 0.016915 seconds .

========================================================================
Received Import Request.
  Time since last request: 0.000288 seconds.
  path: Assets/Full Body FPS Controller/Full Body FPS Controller/Standard Assets/Unity - Stealth Tut/Materials/char_cyberKid_board_mat.mat
  artifactKey: Guid(785482efa1f3bd44990d291dabd52134) Importer(815301076,1909f56bfc062723c751e8b465ee728b)
Start importing Assets/Full Body FPS Controller/Full Body FPS Controller/Standard Assets/Unity - Stealth Tut/Materials/char_cyberKid_board_mat.mat using Guid(785482efa1f3bd44990d291dabd52134) Importer(815301076,1909f56bfc062723c751e8b465ee728b)  -> (artifact id: 'f09b986daab5e6d04e34b0f7c7c70867') in 0.016669 seconds
  Import took 0.018459 seconds .

========================================================================
Received Import Request.
  Time since last request: 0.000254 seconds.
  path: Assets/Materials/Dark Skybox.mat
  artifactKey: Guid(798400ff99de347428fb9fc2518a5d88) Importer(815301076,1909f56bfc062723c751e8b465ee728b)
Start importing Assets/Materials/Dark Skybox.mat using Guid(798400ff99de347428fb9fc2518a5d88) Importer(815301076,1909f56bfc062723c751e8b465ee728b)  -> (artifact id: '8b772490ffd6f8c70d962b9a4565a7bf') in 0.011964 seconds
  Import took 0.032702 seconds .

========================================================================
Received Import Request.
  Time since last request: 0.000231 seconds.
  path: Assets/Full Body FPS Controller/Full Body FPS Controller/Standard Assets/Unity - Stealth Tut/Materials/char_cyberKid_eyes_mat.mat
  artifactKey: Guid(360819a2d7fedd64481e09a33359fd80) Importer(815301076,1909f56bfc062723c751e8b465ee728b)
Start importing Assets/Full Body FPS Controller/Full Body FPS Controller/Standard Assets/Unity - Stealth Tut/Materials/char_cyberKid_eyes_mat.mat using Guid(360819a2d7fedd64481e09a33359fd80) Importer(815301076,1909f56bfc062723c751e8b465ee728b)  -> (artifact id: 'f16d9c1218e8e1df00a6f1faee184478') in 0.014983 seconds
  Import took 0.016948 seconds .

========================================================================
Received Import Request.
  Time since last request: 0.000278 seconds.
  path: Assets/Full Body FPS Controller/Full Body FPS Controller/Standard Assets/Unity - Stealth Tut/Materials/prop_keycard_glass_mat.mat
  artifactKey: Guid(e8c588fe56f5ea844b2da2485b093b3c) Importer(815301076,1909f56bfc062723c751e8b465ee728b)
Start importing Assets/Full Body FPS Controller/Full Body FPS Controller/Standard Assets/Unity - Stealth Tut/Materials/prop_keycard_glass_mat.mat using Guid(e8c588fe56f5ea844b2da2485b093b3c) Importer(815301076,1909f56bfc062723c751e8b465ee728b)  -> (artifact id: '14517b5cf8e302f2d0a1fd671d017e31') in 0.014819 seconds
  Import took 0.016885 seconds .

========================================================================
Received Import Request.
  Time since last request: 0.000262 seconds.
  path: Assets/Full Body FPS Controller/Full Body FPS Controller/Standard Assets/Unity - Interactive Tut/Materials/Indicator.mat
  artifactKey: Guid(dbb9c361d08df0544a970a0382b0dad4) Importer(815301076,1909f56bfc062723c751e8b465ee728b)
Start importing Assets/Full Body FPS Controller/Full Body FPS Controller/Standard Assets/Unity - Interactive Tut/Materials/Indicator.mat using Guid(dbb9c361d08df0544a970a0382b0dad4) Importer(815301076,1909f56bfc062723c751e8b465ee728b)  -> (artifact id: '73b0458f4fb683599e230af914c540a9') in 0.012843 seconds
  Import took 0.014794 seconds .

========================================================================
Received Import Request.
  Time since last request: 0.000287 seconds.
  path: Assets/Full Body FPS Controller/Full Body FPS Controller/Standard Assets/Unity - Stealth Tut/Materials/prop_cctvCam_glass_mat.mat
  artifactKey: Guid(110a1e4ac5bbfd34f9b8f98c4ddc1cd6) Importer(815301076,1909f56bfc062723c751e8b465ee728b)
Start importing Assets/Full Body FPS Controller/Full Body FPS Controller/Standard Assets/Unity - Stealth Tut/Materials/prop_cctvCam_glass_mat.mat using Guid(110a1e4ac5bbfd34f9b8f98c4ddc1cd6) Importer(815301076,1909f56bfc062723c751e8b465ee728b)  -> (artifact id: '8ea22168ffba67659da3241d10f6af17') in 0.015210 seconds
  Import took 0.016943 seconds .

========================================================================
Received Import Request.
  Time since last request: 0.000256 seconds.
  path: Assets/Church 3D/Materials/simple window.mat
  artifactKey: Guid(5af9060e073d1c045af05aa625e029ca) Importer(815301076,1909f56bfc062723c751e8b465ee728b)
Start importing Assets/Church 3D/Materials/simple window.mat using Guid(5af9060e073d1c045af05aa625e029ca) Importer(815301076,1909f56bfc062723c751e8b465ee728b)  -> (artifact id: '46fee5b9f40cf2ec2567fe9241729f3e') in 0.012138 seconds
  Import took 0.013831 seconds .

========================================================================
Received Import Request.
  Time since last request: 0.000277 seconds.
  path: Assets/Full Body FPS Controller/Full Body FPS Controller/Standard Assets/Unity - Interactive Tut/Materials/ParticleRings.mat
  artifactKey: Guid(0d8d10ccfa2e2524f94699d8b3285eb2) Importer(815301076,1909f56bfc062723c751e8b465ee728b)
Start importing Assets/Full Body FPS Controller/Full Body FPS Controller/Standard Assets/Unity - Interactive Tut/Materials/ParticleRings.mat using Guid(0d8d10ccfa2e2524f94699d8b3285eb2) Importer(815301076,1909f56bfc062723c751e8b465ee728b)  -> (artifact id: 'b5d83d8cf2e7485d1b9ad444900fa58f') in 0.014119 seconds
  Import took 0.015894 seconds .

========================================================================
Received Import Request.
  Time since last request: 0.000306 seconds.
  path: Assets/Full Body FPS Controller/Full Body FPS Controller/Standard Assets/Unity - Stealth Tut/Materials/prop_barrel_body_L01_mat.mat
  artifactKey: Guid(4f64a0b1f81b4544cab583ba7159ea5c) Importer(815301076,1909f56bfc062723c751e8b465ee728b)
Start importing Assets/Full Body FPS Controller/Full Body FPS Controller/Standard Assets/Unity - Stealth Tut/Materials/prop_barrel_body_L01_mat.mat using Guid(4f64a0b1f81b4544cab583ba7159ea5c) Importer(815301076,1909f56bfc062723c751e8b465ee728b)  -> (artifact id: '961da9d40b3730911da166a4dfc8be9f') in 0.014458 seconds
  Import took 0.016515 seconds .

========================================================================
Received Import Request.
  Time since last request: 0.000197 seconds.
  path: Assets/Full Body FPS Controller/Full Body FPS Controller/Standard Assets/Unity - Interactive Tut/Materials/MazeGrey.mat
  artifactKey: Guid(d52087653c77e3e439f2001f4a8fd3c7) Importer(815301076,1909f56bfc062723c751e8b465ee728b)
Start importing Assets/Full Body FPS Controller/Full Body FPS Controller/Standard Assets/Unity - Interactive Tut/Materials/MazeGrey.mat using Guid(d52087653c77e3e439f2001f4a8fd3c7) Importer(815301076,1909f56bfc062723c751e8b465ee728b)  -> (artifact id: 'a0d006756c3009ad63688fdf19f4e2fc') in 0.017596 seconds
  Import took 0.019645 seconds .

========================================================================
Received Import Request.
  Time since last request: 0.000202 seconds.
  path: Assets/Full Body FPS Controller/Full Body FPS Controller/Standard Assets/Unity - Interactive Tut/Materials/ParticleStreaks.mat
  artifactKey: Guid(70e21a36e899a72469ace60c96079dbe) Importer(815301076,1909f56bfc062723c751e8b465ee728b)
Start importing Assets/Full Body FPS Controller/Full Body FPS Controller/Standard Assets/Unity - Interactive Tut/Materials/ParticleStreaks.mat using Guid(70e21a36e899a72469ace60c96079dbe) Importer(815301076,1909f56bfc062723c751e8b465ee728b)  -> (artifact id: '01ebf5d9c198ee6aa471e537f1d58732') in 0.008667 seconds
  Import took 0.010668 seconds .

========================================================================
Received Import Request.
  Time since last request: 0.566363 seconds.
  path: Assets/Full Body FPS Controller/Full Body FPS Controller/Standard Assets/Unity - Stealth Tut/Materials/char_cyberKid_eyes_mat.mat
  artifactKey: Guid(360819a2d7fedd64481e09a33359fd80) Importer(815301076,1909f56bfc062723c751e8b465ee728b)
Start importing Assets/Full Body FPS Controller/Full Body FPS Controller/Standard Assets/Unity - Stealth Tut/Materials/char_cyberKid_eyes_mat.mat using Guid(360819a2d7fedd64481e09a33359fd80) Importer(815301076,1909f56bfc062723c751e8b465ee728b)  -> (artifact id: 'f16d9c1218e8e1df00a6f1faee184478') in 0.020610 seconds
  Import took 0.024665 seconds .

========================================================================
Received Import Request.
  Time since last request: 34.478153 seconds.
  path: Assets/New Terrain.asset
  artifactKey: Guid(1945332bf5901f245a2380ed044aa8cd) Importer(815301076,1909f56bfc062723c751e8b465ee728b)
Start importing Assets/New Terrain.asset using Guid(1945332bf5901f245a2380ed044aa8cd) Importer(815301076,1909f56bfc062723c751e8b465ee728b)  -> (artifact id: '3c605155397cd3ff8345b4ff2a323369') in 0.017521 seconds
  Import took 0.019610 seconds .

========================================================================
Received Prepare
Registering precompiled user dll's ...
Registered in 0.000547 seconds.
Begin MonoManager ReloadAssembly
Native extension for WindowsStandalone target not found
Native extension for OSXStandalone target not found
Native extension for WebGL target not found
Refreshing native plugins compatible for Editor in 0.21 ms, found 0 plugins.
Preloading 0 native plugins for Editor in 0.00 ms.
Invoked RoslynAnalysisRunner static constructor.
RoslynAnalysisRunner will not be running.
RoslynAnalysisRunner has terminated.
Mono: successfully reloaded assembly
- Completed reload, in  0.853 seconds
Platform modules already initialized, skipping
Refreshing native plugins compatible for Editor in 0.70 ms, found 0 plugins.
Preloading 0 native plugins for Editor in 0.00 ms.
Unloading 1112 Unused Serialized files (Serialized files now loaded: 0)
System memory in use before: 75.2 MB.
System memory in use after: 75.3 MB.

Unloading 5 unused Assets to reduce memory usage. Loaded Objects now: 1671.
Total: 1.823300 ms (FindLiveObjects: 0.132500 ms CreateObjectMapping: 0.034000 ms MarkObjects: 1.619200 ms  DeleteObjects: 0.036800 ms)

========================================================================
Received Prepare
Registering precompiled user dll's ...
Registered in 0.004946 seconds.
Begin MonoManager ReloadAssembly
Native extension for WindowsStandalone target not found
Native extension for OSXStandalone target not found
Native extension for WebGL target not found
Refreshing native plugins compatible for Editor in 0.95 ms, found 0 plugins.
Preloading 0 native plugins for Editor in 0.00 ms.
Invoked RoslynAnalysisRunner static constructor.
RoslynAnalysisRunner will not be running.
RoslynAnalysisRunner has terminated.
Mono: successfully reloaded assembly
- Completed reload, in  1.517 seconds
Platform modules already initialized, skipping
Refreshing native plugins compatible for Editor in 0.48 ms, found 0 plugins.
Preloading 0 native plugins for Editor in 0.00 ms.
Unloading 1112 Unused Serialized files (Serialized files now loaded: 0)
System memory in use before: 75.3 MB.
System memory in use after: 75.4 MB.

Unloading 4 unused Assets to reduce memory usage. Loaded Objects now: 1674.
Total: 6.657300 ms (FindLiveObjects: 0.772400 ms CreateObjectMapping: 1.176900 ms MarkObjects: 4.608500 ms  DeleteObjects: 0.090100 ms)

========================================================================
Received Import Request.
  Time since last request: 462.502675 seconds.
  path: Assets/Script/Deneme.cs
  artifactKey: Guid(5f135450f9d58e044b8762cabdff1746) Importer(815301076,1909f56bfc062723c751e8b465ee728b)
Start importing Assets/Script/Deneme.cs using Guid(5f135450f9d58e044b8762cabdff1746) Importer(815301076,1909f56bfc062723c751e8b465ee728b)  -> (artifact id: '0176d6380b0df4249c4a7f845396d43d') in 0.065281 seconds
  Import took 0.073101 seconds .

========================================================================
Received Prepare
Registering precompiled user dll's ...
Registered in 0.000866 seconds.
Begin MonoManager ReloadAssembly
Native extension for WindowsStandalone target not found
Native extension for OSXStandalone target not found
Native extension for WebGL target not found
Refreshing native plugins compatible for Editor in 1.30 ms, found 0 plugins.
Preloading 0 native plugins for Editor in 0.00 ms.
Invoked RoslynAnalysisRunner static constructor.
RoslynAnalysisRunner will not be running.
RoslynAnalysisRunner has terminated.
Mono: successfully reloaded assembly
- Completed reload, in  1.780 seconds
Platform modules already initialized, skipping
Refreshing native plugins compatible for Editor in 0.47 ms, found 0 plugins.
Preloading 0 native plugins for Editor in 0.00 ms.
Unloading 1111 Unused Serialized files (Serialized files now loaded: 0)
System memory in use before: 75.2 MB.
System memory in use after: 75.3 MB.

Unloading 5 unused Assets to reduce memory usage. Loaded Objects now: 1676.
Total: 7.771200 ms (FindLiveObjects: 0.578100 ms CreateObjectMapping: 0.144300 ms MarkObjects: 6.808800 ms  DeleteObjects: 0.082600 ms)

========================================================================
Received Prepare
Registering precompiled user dll's ...
Registered in 0.001269 seconds.
Begin MonoManager ReloadAssembly
Native extension for WindowsStandalone target not found
Native extension for OSXStandalone target not found
Native extension for WebGL target not found
Refreshing native plugins compatible for Editor in 1.83 ms, found 0 plugins.
Preloading 0 native plugins for Editor in 0.00 ms.
Invoked RoslynAnalysisRunner static constructor.
RoslynAnalysisRunner will not be running.
RoslynAnalysisRunner has terminated.
Mono: successfully reloaded assembly
- Completed reload, in  2.278 seconds
Platform modules already initialized, skipping
Refreshing native plugins compatible for Editor in 1.28 ms, found 0 plugins.
Preloading 0 native plugins for Editor in 0.00 ms.
Unloading 1111 Unused Serialized files (Serialized files now loaded: 0)
System memory in use before: 75.2 MB.
System memory in use after: 75.4 MB.

Unloading 4 unused Assets to reduce memory usage. Loaded Objects now: 1679.
Total: 1.845300 ms (FindLiveObjects: 0.195500 ms CreateObjectMapping: 0.056700 ms MarkObjects: 1.579100 ms  DeleteObjects: 0.013300 ms)

AssetImportWorkerClient::OnTransportError - code=2 error=End of file
